[2025-03-21T02:53:31.207+0000] {manager.py:483} INFO - Processing files using up to 2 processes at a time 
[2025-03-21T02:53:31.208+0000] {manager.py:484} INFO - Process each file at most once every 30 seconds
[2025-03-21T02:53:31.208+0000] {manager.py:485} INFO - Checking for new files in /opt/airflow/dags every 300 seconds
[2025-03-21T02:53:31.208+0000] {manager.py:821} INFO - Searching for files in /opt/airflow/dags
[2025-03-21T02:53:31.214+0000] {manager.py:824} INFO - There are 0 files in /opt/airflow/dags
[2025-03-21T02:57:42.116+0000] {manager.py:465} INFO - Exiting gracefully upon receiving signal 15
[2025-03-21T02:57:58.770+0000] {manager.py:483} INFO - Processing files using up to 2 processes at a time 
[2025-03-21T02:57:58.771+0000] {manager.py:484} INFO - Process each file at most once every 30 seconds
[2025-03-21T02:57:58.771+0000] {manager.py:485} INFO - Checking for new files in /opt/airflow/dags every 300 seconds
[2025-03-21T02:57:58.771+0000] {manager.py:821} INFO - Searching for files in /opt/airflow/dags
[2025-03-21T02:57:58.781+0000] {manager.py:824} INFO - There are 0 files in /opt/airflow/dags
[2025-03-21T02:59:56.994+0000] {manager.py:465} INFO - Exiting gracefully upon receiving signal 15
[2025-03-21T03:00:11.854+0000] {manager.py:483} INFO - Processing files using up to 2 processes at a time 
[2025-03-21T03:00:11.855+0000] {manager.py:484} INFO - Process each file at most once every 30 seconds
[2025-03-21T03:00:11.855+0000] {manager.py:485} INFO - Checking for new files in /opt/airflow/dags every 300 seconds
[2025-03-21T03:00:11.855+0000] {manager.py:821} INFO - Searching for files in /opt/airflow/dags
[2025-03-21T03:00:11.865+0000] {manager.py:824} INFO - There are 0 files in /opt/airflow/dags
[2025-03-21T03:05:12.547+0000] {manager.py:821} INFO - Searching for files in /opt/airflow/dags
[2025-03-21T03:05:12.565+0000] {manager.py:824} INFO - There are 1 files in /opt/airflow/dags
[2025-03-21T03:05:13.610+0000] {manager.py:997} INFO - 
================================================================================
DAG File Processing Stats

File Path                                   PID    Runtime      # DAGs    # Errors  Last Runtime    Last Run               Last # of DB Queries
------------------------------------------  -----  ---------  --------  ----------  --------------  -------------------  ----------------------
/opt/airflow/dags/DAG_spark_to_postgres.py                           1           0  0.27s           2025-03-21T03:05:12                      43
================================================================================
[2025-03-21T03:05:43.832+0000] {manager.py:997} INFO - 
================================================================================
DAG File Processing Stats

File Path                                     PID  Runtime      # DAGs    # Errors  Last Runtime    Last Run               Last # of DB Queries
------------------------------------------  -----  ---------  --------  ----------  --------------  -------------------  ----------------------
/opt/airflow/dags/DAG_spark_to_postgres.py    184  0.00s             1           0  0.07s           2025-03-21T03:05:39                       9
================================================================================
[2025-03-21T03:06:13.998+0000] {manager.py:997} INFO - 
================================================================================
DAG File Processing Stats

File Path                                   PID    Runtime      # DAGs    # Errors  Last Runtime    Last Run               Last # of DB Queries
------------------------------------------  -----  ---------  --------  ----------  --------------  -------------------  ----------------------
/opt/airflow/dags/DAG_spark_to_postgres.py                           1           0  0.08s           2025-03-21T03:05:49                       9
================================================================================
[2025-03-21T03:06:44.224+0000] {manager.py:997} INFO - 
================================================================================
DAG File Processing Stats

File Path                                   PID    Runtime      # DAGs    # Errors  Last Runtime    Last Run               Last # of DB Queries
------------------------------------------  -----  ---------  --------  ----------  --------------  -------------------  ----------------------
/opt/airflow/dags/DAG_spark_to_postgres.py                           1           0  0.08s           2025-03-21T03:06:20                      10
================================================================================
[2025-03-21T03:07:14.442+0000] {manager.py:997} INFO - 
================================================================================
DAG File Processing Stats

File Path                                   PID    Runtime      # DAGs    # Errors  Last Runtime    Last Run               Last # of DB Queries
------------------------------------------  -----  ---------  --------  ----------  --------------  -------------------  ----------------------
/opt/airflow/dags/DAG_spark_to_postgres.py                           1           0  0.08s           2025-03-21T03:06:50                      10
================================================================================
[2025-03-21T03:07:44.663+0000] {manager.py:997} INFO - 
================================================================================
DAG File Processing Stats

File Path                                   PID    Runtime      # DAGs    # Errors  Last Runtime    Last Run               Last # of DB Queries
------------------------------------------  -----  ---------  --------  ----------  --------------  -------------------  ----------------------
/opt/airflow/dags/DAG_spark_to_postgres.py                           1           0  0.07s           2025-03-21T03:07:20                      10
================================================================================
[2025-03-21T03:08:10.796+0000] {manager.py:465} INFO - Exiting gracefully upon receiving signal 15
[2025-03-21T03:10:43.540+0000] {manager.py:483} INFO - Processing files using up to 2 processes at a time 
[2025-03-21T03:10:43.541+0000] {manager.py:484} INFO - Process each file at most once every 30 seconds
[2025-03-21T03:10:43.541+0000] {manager.py:485} INFO - Checking for new files in /opt/airflow/dags every 300 seconds
[2025-03-21T03:10:43.541+0000] {manager.py:821} INFO - Searching for files in /opt/airflow/dags
[2025-03-21T03:10:43.565+0000] {manager.py:824} INFO - There are 1 files in /opt/airflow/dags
[2025-03-21T03:10:43.621+0000] {manager.py:997} INFO - 
================================================================================
DAG File Processing Stats

File Path                                     PID  Runtime      # DAGs    # Errors  Last Runtime    Last Run      Last # of DB Queries
------------------------------------------  -----  ---------  --------  ----------  --------------  ----------  ----------------------
/opt/airflow/dags/DAG_spark_to_postgres.py    169  0.01s             0           0                                                   0
================================================================================
[2025-03-21T03:11:13.870+0000] {manager.py:997} INFO - 
================================================================================
DAG File Processing Stats

File Path                                   PID    Runtime      # DAGs    # Errors  Last Runtime    Last Run               Last # of DB Queries
------------------------------------------  -----  ---------  --------  ----------  --------------  -------------------  ----------------------
/opt/airflow/dags/DAG_spark_to_postgres.py                           1           0  0.24s           2025-03-21T03:10:54                      32
================================================================================
[2025-03-21T03:11:44.094+0000] {manager.py:997} INFO - 
================================================================================
DAG File Processing Stats

File Path                                   PID    Runtime      # DAGs    # Errors  Last Runtime    Last Run               Last # of DB Queries
------------------------------------------  -----  ---------  --------  ----------  --------------  -------------------  ----------------------
/opt/airflow/dags/DAG_spark_to_postgres.py                           1           0  0.07s           2025-03-21T03:11:25                      10
================================================================================
[2025-03-21T03:12:14.351+0000] {manager.py:997} INFO - 
================================================================================
DAG File Processing Stats

File Path                                   PID    Runtime      # DAGs    # Errors  Last Runtime    Last Run               Last # of DB Queries
------------------------------------------  -----  ---------  --------  ----------  --------------  -------------------  ----------------------
/opt/airflow/dags/DAG_spark_to_postgres.py                           1           0  0.07s           2025-03-21T03:11:55                      10
================================================================================
[2025-03-21T03:12:44.576+0000] {manager.py:997} INFO - 
================================================================================
DAG File Processing Stats

File Path                                     PID  Runtime      # DAGs    # Errors  Last Runtime    Last Run               Last # of DB Queries
------------------------------------------  -----  ---------  --------  ----------  --------------  -------------------  ----------------------
/opt/airflow/dags/DAG_spark_to_postgres.py    199  0.00s             1           0  0.08s           2025-03-21T03:12:41                      10
================================================================================
[2025-03-21T03:13:14.774+0000] {manager.py:997} INFO - 
================================================================================
DAG File Processing Stats

File Path                                     PID  Runtime      # DAGs    # Errors  Last Runtime    Last Run               Last # of DB Queries
------------------------------------------  -----  ---------  --------  ----------  --------------  -------------------  ----------------------
/opt/airflow/dags/DAG_spark_to_postgres.py    204  0.00s             1           0  0.08s           2025-03-21T03:12:44                      10
================================================================================
[2025-03-21T03:13:44.942+0000] {manager.py:997} INFO - 
================================================================================
DAG File Processing Stats

File Path                                     PID  Runtime      # DAGs    # Errors  Last Runtime    Last Run               Last # of DB Queries
------------------------------------------  -----  ---------  --------  ----------  --------------  -------------------  ----------------------
/opt/airflow/dags/DAG_spark_to_postgres.py    209  0.00s             1           0  0.07s           2025-03-21T03:13:14                      10
================================================================================
[2025-03-21T03:14:15.131+0000] {manager.py:997} INFO - 
================================================================================
DAG File Processing Stats

File Path                                     PID  Runtime      # DAGs    # Errors  Last Runtime    Last Run               Last # of DB Queries
------------------------------------------  -----  ---------  --------  ----------  --------------  -------------------  ----------------------
/opt/airflow/dags/DAG_spark_to_postgres.py    229  0.00s             1           0  0.08s           2025-03-21T03:13:45                      10
================================================================================
[2025-03-21T03:14:45.302+0000] {manager.py:997} INFO - 
================================================================================
DAG File Processing Stats

File Path                                     PID  Runtime      # DAGs    # Errors  Last Runtime    Last Run               Last # of DB Queries
------------------------------------------  -----  ---------  --------  ----------  --------------  -------------------  ----------------------
/opt/airflow/dags/DAG_spark_to_postgres.py    234  0.00s             1           0  0.08s           2025-03-21T03:14:15                      10
================================================================================
[2025-03-21T03:15:15.485+0000] {manager.py:997} INFO - 
================================================================================
DAG File Processing Stats

File Path                                     PID  Runtime      # DAGs    # Errors  Last Runtime    Last Run               Last # of DB Queries
------------------------------------------  -----  ---------  --------  ----------  --------------  -------------------  ----------------------
/opt/airflow/dags/DAG_spark_to_postgres.py    239  0.00s             1           0  0.07s           2025-03-21T03:14:45                      10
================================================================================
[2025-03-21T03:15:43.636+0000] {manager.py:821} INFO - Searching for files in /opt/airflow/dags
[2025-03-21T03:15:43.655+0000] {manager.py:824} INFO - There are 1 files in /opt/airflow/dags
[2025-03-21T03:15:45.682+0000] {manager.py:997} INFO - 
================================================================================
DAG File Processing Stats

File Path                                     PID  Runtime      # DAGs    # Errors  Last Runtime    Last Run               Last # of DB Queries
------------------------------------------  -----  ---------  --------  ----------  --------------  -------------------  ----------------------
/opt/airflow/dags/DAG_spark_to_postgres.py    244  0.00s             1           0  0.07s           2025-03-21T03:15:15                      10
================================================================================
[2025-03-21T03:15:56.809+0000] {manager.py:465} INFO - Exiting gracefully upon receiving signal 15
[2025-03-21T03:16:03.695+0000] {manager.py:483} INFO - Processing files using up to 2 processes at a time 
[2025-03-21T03:16:03.696+0000] {manager.py:484} INFO - Process each file at most once every 30 seconds
[2025-03-21T03:16:03.696+0000] {manager.py:485} INFO - Checking for new files in /opt/airflow/dags every 300 seconds
[2025-03-21T03:16:03.696+0000] {manager.py:821} INFO - Searching for files in /opt/airflow/dags
[2025-03-21T03:16:03.718+0000] {manager.py:824} INFO - There are 1 files in /opt/airflow/dags
[2025-03-21T03:16:03.815+0000] {manager.py:997} INFO - 
================================================================================
DAG File Processing Stats

File Path                                     PID  Runtime      # DAGs    # Errors  Last Runtime    Last Run      Last # of DB Queries
------------------------------------------  -----  ---------  --------  ----------  --------------  ----------  ----------------------
/opt/airflow/dags/DAG_spark_to_postgres.py    169  0.02s             0           0                                                   0
================================================================================
[2025-03-21T03:16:33.967+0000] {manager.py:997} INFO - 
================================================================================
DAG File Processing Stats

File Path                                     PID  Runtime      # DAGs    # Errors  Last Runtime    Last Run               Last # of DB Queries
------------------------------------------  -----  ---------  --------  ----------  --------------  -------------------  ----------------------
/opt/airflow/dags/DAG_spark_to_postgres.py    187  0.00s             1           0  0.10s           2025-03-21T03:16:03                      10
================================================================================
[2025-03-21T03:17:07.954+0000] {manager.py:465} INFO - Exiting gracefully upon receiving signal 15
[2025-03-21T03:17:14.450+0000] {manager.py:483} INFO - Processing files using up to 2 processes at a time 
[2025-03-21T03:17:14.450+0000] {manager.py:484} INFO - Process each file at most once every 30 seconds
[2025-03-21T03:17:14.451+0000] {manager.py:485} INFO - Checking for new files in /opt/airflow/dags every 300 seconds
[2025-03-21T03:17:14.451+0000] {manager.py:821} INFO - Searching for files in /opt/airflow/dags
[2025-03-21T03:17:14.479+0000] {manager.py:824} INFO - There are 1 files in /opt/airflow/dags
[2025-03-21T03:17:14.538+0000] {manager.py:997} INFO - 
================================================================================
DAG File Processing Stats

File Path                                     PID  Runtime      # DAGs    # Errors  Last Runtime    Last Run      Last # of DB Queries
------------------------------------------  -----  ---------  --------  ----------  --------------  ----------  ----------------------
/opt/airflow/dags/DAG_spark_to_postgres.py    169  0.02s             0           0                                                   0
================================================================================
[2025-03-21T03:17:44.694+0000] {manager.py:997} INFO - 
================================================================================
DAG File Processing Stats

File Path                                     PID  Runtime      # DAGs    # Errors  Last Runtime    Last Run               Last # of DB Queries
------------------------------------------  -----  ---------  --------  ----------  --------------  -------------------  ----------------------
/opt/airflow/dags/DAG_spark_to_postgres.py    186  0.00s             1           0  0.08s           2025-03-21T03:17:14                      10
================================================================================
[2025-03-21T03:18:14.909+0000] {manager.py:997} INFO - 
================================================================================
DAG File Processing Stats

File Path                                     PID  Runtime      # DAGs    # Errors  Last Runtime    Last Run               Last # of DB Queries
------------------------------------------  -----  ---------  --------  ----------  --------------  -------------------  ----------------------
/opt/airflow/dags/DAG_spark_to_postgres.py    191  0.00s             1           0  0.08s           2025-03-21T03:17:44                      10
================================================================================
[2025-03-21T03:18:45.108+0000] {manager.py:997} INFO - 
================================================================================
DAG File Processing Stats

File Path                                     PID  Runtime      # DAGs    # Errors  Last Runtime    Last Run               Last # of DB Queries
------------------------------------------  -----  ---------  --------  ----------  --------------  -------------------  ----------------------
/opt/airflow/dags/DAG_spark_to_postgres.py    196  0.00s             1           0  0.07s           2025-03-21T03:18:14                      10
================================================================================
[2025-03-21T03:19:15.401+0000] {manager.py:997} INFO - 
================================================================================
DAG File Processing Stats

File Path                                     PID  Runtime      # DAGs    # Errors  Last Runtime    Last Run               Last # of DB Queries
------------------------------------------  -----  ---------  --------  ----------  --------------  -------------------  ----------------------
/opt/airflow/dags/DAG_spark_to_postgres.py    216  0.00s             1           0  0.07s           2025-03-21T03:18:45                      10
================================================================================
[2025-03-21T03:19:45.566+0000] {manager.py:997} INFO - 
================================================================================
DAG File Processing Stats

File Path                                     PID  Runtime      # DAGs    # Errors  Last Runtime    Last Run               Last # of DB Queries
------------------------------------------  -----  ---------  --------  ----------  --------------  -------------------  ----------------------
/opt/airflow/dags/DAG_spark_to_postgres.py    221  0.00s             1           0  0.08s           2025-03-21T03:19:15                      10
================================================================================
[2025-03-21T03:20:15.817+0000] {manager.py:997} INFO - 
================================================================================
DAG File Processing Stats

File Path                                     PID  Runtime      # DAGs    # Errors  Last Runtime    Last Run               Last # of DB Queries
------------------------------------------  -----  ---------  --------  ----------  --------------  -------------------  ----------------------
/opt/airflow/dags/DAG_spark_to_postgres.py    226  0.00s             1           0  0.07s           2025-03-21T03:19:45                      10
================================================================================
[2025-03-21T03:20:46.047+0000] {manager.py:997} INFO - 
================================================================================
DAG File Processing Stats

File Path                                     PID  Runtime      # DAGs    # Errors  Last Runtime    Last Run               Last # of DB Queries
------------------------------------------  -----  ---------  --------  ----------  --------------  -------------------  ----------------------
/opt/airflow/dags/DAG_spark_to_postgres.py    231  0.00s             1           0  0.07s           2025-03-21T03:20:15                      10
================================================================================
[2025-03-21T03:21:16.219+0000] {manager.py:997} INFO - 
================================================================================
DAG File Processing Stats

File Path                                     PID  Runtime      # DAGs    # Errors  Last Runtime    Last Run               Last # of DB Queries
------------------------------------------  -----  ---------  --------  ----------  --------------  -------------------  ----------------------
/opt/airflow/dags/DAG_spark_to_postgres.py    236  0.00s             1           0  0.08s           2025-03-21T03:20:46                      10
================================================================================
[2025-03-21T03:21:46.462+0000] {manager.py:997} INFO - 
================================================================================
DAG File Processing Stats

File Path                                   PID    Runtime      # DAGs    # Errors  Last Runtime    Last Run               Last # of DB Queries
------------------------------------------  -----  ---------  --------  ----------  --------------  -------------------  ----------------------
/opt/airflow/dags/DAG_spark_to_postgres.py                           1           0  0.07s           2025-03-21T03:21:35                       9
================================================================================
[2025-03-21T03:22:14.656+0000] {manager.py:821} INFO - Searching for files in /opt/airflow/dags
[2025-03-21T03:22:14.674+0000] {manager.py:824} INFO - There are 1 files in /opt/airflow/dags
[2025-03-21T03:22:16.702+0000] {manager.py:997} INFO - 
================================================================================
DAG File Processing Stats

File Path                                   PID    Runtime      # DAGs    # Errors  Last Runtime    Last Run               Last # of DB Queries
------------------------------------------  -----  ---------  --------  ----------  --------------  -------------------  ----------------------
/opt/airflow/dags/DAG_spark_to_postgres.py                           1           0  0.07s           2025-03-21T03:22:05                      10
================================================================================
[2025-03-21T03:22:46.882+0000] {manager.py:997} INFO - 
================================================================================
DAG File Processing Stats

File Path                                   PID    Runtime      # DAGs    # Errors  Last Runtime    Last Run               Last # of DB Queries
------------------------------------------  -----  ---------  --------  ----------  --------------  -------------------  ----------------------
/opt/airflow/dags/DAG_spark_to_postgres.py                           1           0  0.07s           2025-03-21T03:22:35                      10
================================================================================
[2025-03-21T03:23:17.065+0000] {manager.py:997} INFO - 
================================================================================
DAG File Processing Stats

File Path                                   PID    Runtime      # DAGs    # Errors  Last Runtime    Last Run               Last # of DB Queries
------------------------------------------  -----  ---------  --------  ----------  --------------  -------------------  ----------------------
/opt/airflow/dags/DAG_spark_to_postgres.py                           1           0  0.07s           2025-03-21T03:23:06                      10
================================================================================
[2025-03-21T03:23:47.269+0000] {manager.py:997} INFO - 
================================================================================
DAG File Processing Stats

File Path                                   PID    Runtime      # DAGs    # Errors  Last Runtime    Last Run               Last # of DB Queries
------------------------------------------  -----  ---------  --------  ----------  --------------  -------------------  ----------------------
/opt/airflow/dags/DAG_spark_to_postgres.py                           1           0  0.07s           2025-03-21T03:23:36                      10
================================================================================
[2025-03-21T03:24:17.448+0000] {manager.py:997} INFO - 
================================================================================
DAG File Processing Stats

File Path                                   PID    Runtime      # DAGs    # Errors  Last Runtime    Last Run               Last # of DB Queries
------------------------------------------  -----  ---------  --------  ----------  --------------  -------------------  ----------------------
/opt/airflow/dags/DAG_spark_to_postgres.py                           1           0  0.09s           2025-03-21T03:24:06                      10
================================================================================
[2025-03-21T03:24:47.667+0000] {manager.py:997} INFO - 
================================================================================
DAG File Processing Stats

File Path                                   PID    Runtime      # DAGs    # Errors  Last Runtime    Last Run               Last # of DB Queries
------------------------------------------  -----  ---------  --------  ----------  --------------  -------------------  ----------------------
/opt/airflow/dags/DAG_spark_to_postgres.py                           1           0  0.07s           2025-03-21T03:24:36                      10
================================================================================
[2025-03-21T03:25:18.039+0000] {manager.py:997} INFO - 
================================================================================
DAG File Processing Stats

File Path                                   PID    Runtime      # DAGs    # Errors  Last Runtime    Last Run               Last # of DB Queries
------------------------------------------  -----  ---------  --------  ----------  --------------  -------------------  ----------------------
/opt/airflow/dags/DAG_spark_to_postgres.py                           0           1  0.05s           2025-03-21T03:24:57                       3
================================================================================
[2025-03-21T03:25:48.250+0000] {manager.py:997} INFO - 
================================================================================
DAG File Processing Stats

File Path                                   PID    Runtime      # DAGs    # Errors  Last Runtime    Last Run               Last # of DB Queries
------------------------------------------  -----  ---------  --------  ----------  --------------  -------------------  ----------------------
/opt/airflow/dags/DAG_spark_to_postgres.py                           0           1  0.04s           2025-03-21T03:25:28                       5
================================================================================
[2025-03-21T03:26:18.493+0000] {manager.py:997} INFO - 
================================================================================
DAG File Processing Stats

File Path                                   PID    Runtime      # DAGs    # Errors  Last Runtime    Last Run               Last # of DB Queries
------------------------------------------  -----  ---------  --------  ----------  --------------  -------------------  ----------------------
/opt/airflow/dags/DAG_spark_to_postgres.py                           0           1  0.05s           2025-03-21T03:25:58                       5
================================================================================
[2025-03-21T03:26:48.718+0000] {manager.py:997} INFO - 
================================================================================
DAG File Processing Stats

File Path                                   PID    Runtime      # DAGs    # Errors  Last Runtime    Last Run               Last # of DB Queries
------------------------------------------  -----  ---------  --------  ----------  --------------  -------------------  ----------------------
/opt/airflow/dags/DAG_spark_to_postgres.py                           0           1  0.06s           2025-03-21T03:26:28                       5
================================================================================
[2025-03-21T03:27:14.907+0000] {manager.py:821} INFO - Searching for files in /opt/airflow/dags
[2025-03-21T03:27:14.927+0000] {manager.py:824} INFO - There are 1 files in /opt/airflow/dags
[2025-03-21T03:27:19.168+0000] {manager.py:997} INFO - 
================================================================================
DAG File Processing Stats

File Path                                   PID    Runtime      # DAGs    # Errors  Last Runtime    Last Run               Last # of DB Queries
------------------------------------------  -----  ---------  --------  ----------  --------------  -------------------  ----------------------
/opt/airflow/dags/DAG_spark_to_postgres.py                           1           0  0.16s           2025-03-21T03:27:18                       9
================================================================================
[2025-03-21T03:27:49.465+0000] {manager.py:997} INFO - 
================================================================================
DAG File Processing Stats

File Path                                   PID    Runtime      # DAGs    # Errors  Last Runtime    Last Run               Last # of DB Queries
------------------------------------------  -----  ---------  --------  ----------  --------------  -------------------  ----------------------
/opt/airflow/dags/DAG_spark_to_postgres.py                           1           0  0.18s           2025-03-21T03:27:23                       9
================================================================================
[2025-03-21T03:28:19.652+0000] {manager.py:997} INFO - 
================================================================================
DAG File Processing Stats

File Path                                   PID    Runtime      # DAGs    # Errors  Last Runtime    Last Run               Last # of DB Queries
------------------------------------------  -----  ---------  --------  ----------  --------------  -------------------  ----------------------
/opt/airflow/dags/DAG_spark_to_postgres.py                           1           0  0.09s           2025-03-21T03:27:53                      10
================================================================================
[2025-03-21T03:28:49.863+0000] {manager.py:997} INFO - 
================================================================================
DAG File Processing Stats

File Path                                   PID    Runtime      # DAGs    # Errors  Last Runtime    Last Run               Last # of DB Queries
------------------------------------------  -----  ---------  --------  ----------  --------------  -------------------  ----------------------
/opt/airflow/dags/DAG_spark_to_postgres.py                           1           0  0.09s           2025-03-21T03:28:22                      10
================================================================================
[2025-03-21T03:29:20.167+0000] {manager.py:997} INFO - 
================================================================================
DAG File Processing Stats

File Path                                   PID    Runtime      # DAGs    # Errors  Last Runtime    Last Run               Last # of DB Queries
------------------------------------------  -----  ---------  --------  ----------  --------------  -------------------  ----------------------
/opt/airflow/dags/DAG_spark_to_postgres.py                           1           0  0.09s           2025-03-21T03:29:11                      10
================================================================================
[2025-03-21T03:29:50.327+0000] {manager.py:997} INFO - 
================================================================================
DAG File Processing Stats

File Path                                   PID    Runtime      # DAGs    # Errors  Last Runtime    Last Run               Last # of DB Queries
------------------------------------------  -----  ---------  --------  ----------  --------------  -------------------  ----------------------
/opt/airflow/dags/DAG_spark_to_postgres.py                           1           0  0.17s           2025-03-21T03:29:41                      10
================================================================================
[2025-03-21T03:30:20.632+0000] {manager.py:997} INFO - 
================================================================================
DAG File Processing Stats

File Path                                   PID    Runtime      # DAGs    # Errors  Last Runtime    Last Run               Last # of DB Queries
------------------------------------------  -----  ---------  --------  ----------  --------------  -------------------  ----------------------
/opt/airflow/dags/DAG_spark_to_postgres.py                           1           0  0.18s           2025-03-21T03:30:11                      10
================================================================================
[2025-03-21T03:30:45.652+0000] {manager.py:465} INFO - Exiting gracefully upon receiving signal 15
[2025-03-21T04:13:45.907+0000] {manager.py:483} INFO - Processing files using up to 2 processes at a time 
[2025-03-21T04:13:45.908+0000] {manager.py:484} INFO - Process each file at most once every 30 seconds
[2025-03-21T04:13:45.908+0000] {manager.py:485} INFO - Checking for new files in /opt/airflow/dags every 300 seconds
[2025-03-21T04:13:45.908+0000] {manager.py:821} INFO - Searching for files in /opt/airflow/dags
[2025-03-21T04:13:45.928+0000] {manager.py:824} INFO - There are 1 files in /opt/airflow/dags
[2025-03-21T04:13:45.986+0000] {manager.py:997} INFO - 
================================================================================
DAG File Processing Stats

File Path                                     PID  Runtime      # DAGs    # Errors  Last Runtime    Last Run      Last # of DB Queries
------------------------------------------  -----  ---------  --------  ----------  --------------  ----------  ----------------------
/opt/airflow/dags/DAG_spark_to_postgres.py    169  0.02s             0           0                                                   0
================================================================================
[2025-03-21T04:14:16.183+0000] {manager.py:997} INFO - 
================================================================================
DAG File Processing Stats

File Path                                   PID    Runtime      # DAGs    # Errors  Last Runtime    Last Run               Last # of DB Queries
------------------------------------------  -----  ---------  --------  ----------  --------------  -------------------  ----------------------
/opt/airflow/dags/DAG_spark_to_postgres.py                           1           0  0.09s           2025-03-21T04:13:50                      10
================================================================================
[2025-03-21T04:14:46.431+0000] {manager.py:997} INFO - 
================================================================================
DAG File Processing Stats

File Path                                   PID    Runtime      # DAGs    # Errors  Last Runtime    Last Run               Last # of DB Queries
------------------------------------------  -----  ---------  --------  ----------  --------------  -------------------  ----------------------
/opt/airflow/dags/DAG_spark_to_postgres.py                           1           0  0.08s           2025-03-21T04:14:32                       9
================================================================================
[2025-03-21T04:15:16.722+0000] {manager.py:997} INFO - 
================================================================================
DAG File Processing Stats

File Path                                   PID    Runtime      # DAGs    # Errors  Last Runtime    Last Run               Last # of DB Queries
------------------------------------------  -----  ---------  --------  ----------  --------------  -------------------  ----------------------
/opt/airflow/dags/DAG_spark_to_postgres.py                           1           0  0.13s           2025-03-21T04:15:13                      10
================================================================================
[2025-03-21T04:15:46.916+0000] {manager.py:997} INFO - 
================================================================================
DAG File Processing Stats

File Path                                   PID    Runtime      # DAGs    # Errors  Last Runtime    Last Run               Last # of DB Queries
------------------------------------------  -----  ---------  --------  ----------  --------------  -------------------  ----------------------
/opt/airflow/dags/DAG_spark_to_postgres.py                           1           0  0.07s           2025-03-21T04:15:43                      10
================================================================================
[2025-03-21T04:16:17.119+0000] {manager.py:997} INFO - 
================================================================================
DAG File Processing Stats

File Path                                   PID    Runtime      # DAGs    # Errors  Last Runtime    Last Run               Last # of DB Queries
------------------------------------------  -----  ---------  --------  ----------  --------------  -------------------  ----------------------
/opt/airflow/dags/DAG_spark_to_postgres.py                           1           0  0.12s           2025-03-21T04:16:14                      10
================================================================================
[2025-03-21T04:16:47.386+0000] {manager.py:997} INFO - 
================================================================================
DAG File Processing Stats

File Path                                   PID    Runtime      # DAGs    # Errors  Last Runtime    Last Run               Last # of DB Queries
------------------------------------------  -----  ---------  --------  ----------  --------------  -------------------  ----------------------
/opt/airflow/dags/DAG_spark_to_postgres.py                           1           0  0.09s           2025-03-21T04:16:46                      10
================================================================================
[2025-03-21T04:17:17.594+0000] {manager.py:997} INFO - 
================================================================================
DAG File Processing Stats

File Path                                   PID    Runtime      # DAGs    # Errors  Last Runtime    Last Run               Last # of DB Queries
------------------------------------------  -----  ---------  --------  ----------  --------------  -------------------  ----------------------
/opt/airflow/dags/DAG_spark_to_postgres.py                           1           0  0.09s           2025-03-21T04:16:52                      10
================================================================================
[2025-03-21T04:17:47.807+0000] {manager.py:997} INFO - 
================================================================================
DAG File Processing Stats

File Path                                   PID    Runtime      # DAGs    # Errors  Last Runtime    Last Run               Last # of DB Queries
------------------------------------------  -----  ---------  --------  ----------  --------------  -------------------  ----------------------
/opt/airflow/dags/DAG_spark_to_postgres.py                           1           0  0.08s           2025-03-21T04:17:22                      10
================================================================================
[2025-03-21T04:18:18.032+0000] {manager.py:997} INFO - 
================================================================================
DAG File Processing Stats

File Path                                   PID    Runtime      # DAGs    # Errors  Last Runtime    Last Run               Last # of DB Queries
------------------------------------------  -----  ---------  --------  ----------  --------------  -------------------  ----------------------
/opt/airflow/dags/DAG_spark_to_postgres.py                           1           0  0.09s           2025-03-21T04:18:05                      10
================================================================================
[2025-03-21T04:18:46.242+0000] {manager.py:821} INFO - Searching for files in /opt/airflow/dags
[2025-03-21T04:18:46.263+0000] {manager.py:824} INFO - There are 1 files in /opt/airflow/dags
[2025-03-21T04:18:48.292+0000] {manager.py:997} INFO - 
================================================================================
DAG File Processing Stats

File Path                                   PID    Runtime      # DAGs    # Errors  Last Runtime    Last Run               Last # of DB Queries
------------------------------------------  -----  ---------  --------  ----------  --------------  -------------------  ----------------------
/opt/airflow/dags/DAG_spark_to_postgres.py                           1           0  0.07s           2025-03-21T04:18:35                      10
================================================================================
[2025-03-21T04:19:18.460+0000] {manager.py:997} INFO - 
================================================================================
DAG File Processing Stats

File Path                                   PID    Runtime      # DAGs    # Errors  Last Runtime    Last Run               Last # of DB Queries
------------------------------------------  -----  ---------  --------  ----------  --------------  -------------------  ----------------------
/opt/airflow/dags/DAG_spark_to_postgres.py                           1           0  0.08s           2025-03-21T04:19:05                      10
================================================================================
[2025-03-21T04:19:48.691+0000] {manager.py:997} INFO - 
================================================================================
DAG File Processing Stats

File Path                                   PID    Runtime      # DAGs    # Errors  Last Runtime    Last Run               Last # of DB Queries
------------------------------------------  -----  ---------  --------  ----------  --------------  -------------------  ----------------------
/opt/airflow/dags/DAG_spark_to_postgres.py                           1           0  0.07s           2025-03-21T04:19:35                      10
================================================================================
[2025-03-21T04:20:18.895+0000] {manager.py:997} INFO - 
================================================================================
DAG File Processing Stats

File Path                                   PID    Runtime      # DAGs    # Errors  Last Runtime    Last Run               Last # of DB Queries
------------------------------------------  -----  ---------  --------  ----------  --------------  -------------------  ----------------------
/opt/airflow/dags/DAG_spark_to_postgres.py                           1           0  0.07s           2025-03-21T04:20:05                      10
================================================================================
[2025-03-21T04:20:35.664+0000] {manager.py:465} INFO - Exiting gracefully upon receiving signal 15
[2025-03-21T04:25:02.043+0000] {manager.py:483} INFO - Processing files using up to 2 processes at a time 
[2025-03-21T04:25:02.049+0000] {manager.py:484} INFO - Process each file at most once every 30 seconds
[2025-03-21T04:25:02.049+0000] {manager.py:485} INFO - Checking for new files in /opt/airflow/dags every 300 seconds
[2025-03-21T04:25:02.050+0000] {manager.py:821} INFO - Searching for files in /opt/airflow/dags
[2025-03-21T04:25:02.071+0000] {manager.py:824} INFO - There are 1 files in /opt/airflow/dags
[2025-03-21T04:25:02.113+0000] {manager.py:997} INFO - 
================================================================================
DAG File Processing Stats

File Path                                     PID  Runtime      # DAGs    # Errors  Last Runtime    Last Run      Last # of DB Queries
------------------------------------------  -----  ---------  --------  ----------  --------------  ----------  ----------------------
/opt/airflow/dags/DAG_spark_to_postgres.py    210  0.01s             0           0                                                   0
================================================================================
[2025-03-21T04:25:32.274+0000] {manager.py:997} INFO - 
================================================================================
DAG File Processing Stats

File Path                                     PID  Runtime      # DAGs    # Errors  Last Runtime    Last Run               Last # of DB Queries
------------------------------------------  -----  ---------  --------  ----------  --------------  -------------------  ----------------------
/opt/airflow/dags/DAG_spark_to_postgres.py    239  0.00s             1           0  0.09s           2025-03-21T04:25:02                      10
================================================================================
